<?xml version="1.0" encoding="UTF-8"?>
<testsuite name="SongTest" tests="2" skipped="0" failures="0" errors="0" timestamp="2022-01-26T05:56:16" hostname="v100wpxmk1uj03f" time="0.015">
  <properties/>
  <testcase name="it_should_not_fail()" classname="SongTest" time="0.013"/>
  <testcase name="fail()" classname="SongTest" time="0.002"/>
  <system-out><![CDATA[]]></system-out>
  <system-err><![CDATA[]]></system-err>
</testsuite>
